<?xml version="1.0" encoding="UTF-8"?>
<!-- Generated by org.testng.reporters.JUnitReportReporter -->
<testsuite hostname="DESKTOP-H8BHTI6" failures="0" tests="1" name="TestScript.LoginTest" time="16.874" errors="0" timestamp="2025-09-03T14:32:45 IST" skipped="0">
  <testcase classname="TestScript.LoginTest" name="verifyUserLoginWithWrongCredential" time="16.874"/>
</testsuite> <!-- TestScript.LoginTest -->
