<?xml version="1.0" encoding="UTF-8"?>
<!-- Generated by org.testng.reporters.JUnitReportReporter -->
<testsuite hostname="DESKTOP-H8BHTI6" failures="0" tests="1" name="TestScript.CreateNewAdminUserPageTest" time="13.999" errors="0" timestamp="2025-09-08T11:56:50 IST" skipped="0">
  <testcase classname="TestScript.CreateNewAdminUserPageTest" name="verifyUserAdminCreation" time="13.999"/>
</testsuite> <!-- TestScript.CreateNewAdminUserPageTest -->
