<?xml version="1.0" encoding="UTF-8"?>
<!-- Generated by org.testng.reporters.JUnitReportReporter -->
<testsuite hostname="DESKTOP-H8BHTI6" failures="0" tests="2" name="TestScript.LoginTest" time="29.334" errors="0" timestamp="2025-09-16T14:49:58 IST" skipped="0">
  <testcase classname="TestScript.LoginTest" name="verifyUserLoginWithWrongCredential" time="11.369"/>
  <testcase classname="TestScript.LoginTest" name="verifyUserLoginWithWrongCredential" time="17.965"/>
</testsuite> <!-- TestScript.LoginTest -->
