<?xml version="1.0" encoding="UTF-8"?>
<!-- Generated by org.testng.reporters.JUnitReportReporter -->
<testsuite hostname="DESKTOP-H8BHTI6" failures="0" tests="1" name="TestScript.CreateNewAdminUserPageTest" time="25.656" errors="0" timestamp="2025-09-12T14:04:58 IST" skipped="0">
  <testcase classname="TestScript.CreateNewAdminUserPageTest" name="verifyUserAdminCreation" time="25.656"/>
</testsuite> <!-- TestScript.CreateNewAdminUserPageTest -->
