<?xml version="1.0" encoding="UTF-8"?>
<!-- Generated by org.testng.reporters.JUnitReportReporter -->
<testsuite hostname="DESKTOP-H8BHTI6" failures="0" tests="1" name="TestScript.LoginTest" time="14.675" errors="0" timestamp="2025-09-09T18:00:12 IST" skipped="0">
  <testcase classname="TestScript.LoginTest" name="verifyUserLoginWithValidCredential" time="14.675"/>
</testsuite> <!-- TestScript.LoginTest -->
