<?xml version="1.0" encoding="UTF-8"?>
<!-- Generated by org.testng.reporters.JUnitReportReporter -->
<testsuite hostname="DESKTOP-H8BHTI6" failures="0" tests="2" name="TestScript.CreateNewAdminUserPageTest" time="30.509" errors="0" timestamp="2025-09-09T18:00:12 IST" skipped="0">
  <testcase classname="TestScript.CreateNewAdminUserPageTest" name="verifySearchAdminUsers" time="13.936"/>
  <testcase classname="TestScript.CreateNewAdminUserPageTest" name="verifyUserAdminCreation" time="16.573"/>
</testsuite> <!-- TestScript.CreateNewAdminUserPageTest -->
