<?xml version="1.0" encoding="UTF-8"?>
<!-- Generated by org.testng.reporters.JUnitReportReporter -->
<testsuite hostname="DESKTOP-H8BHTI6" failures="0" tests="1" name="TestScript.HomeLogoutPageTest" time="34.739" errors="0" timestamp="2025-09-11T14:21:08 IST" skipped="0">
  <testcase classname="TestScript.HomeLogoutPageTest" name="verifyUserLogoutSuccessfully" time="34.739"/>
</testsuite> <!-- TestScript.HomeLogoutPageTest -->
