<?xml version="1.0" encoding="UTF-8"?>
<!-- Generated by org.testng.reporters.JUnitReportReporter -->
<testsuite hostname="DESKTOP-H8BHTI6" failures="0" tests="1" name="TestScript.ManageNewsTest" time="10.561" errors="0" timestamp="2025-09-08T13:03:22 IST" skipped="0">
  <testcase classname="TestScript.ManageNewsTest" name="verifyUserAdminCreation" time="10.561"/>
</testsuite> <!-- TestScript.ManageNewsTest -->
