<?xml version="1.0" encoding="UTF-8"?>
<!-- Generated by org.testng.reporters.JUnitReportReporter -->
<testsuite hostname="DESKTOP-H8BHTI6" failures="0" tests="1" name="TestScript.LoginTest" time="8.477" errors="0" timestamp="2025-08-28T11:44:45 IST" skipped="0">
  <testcase classname="TestScript.LoginTest" name="verifyUserLoginWithValidCredential" time="8.477"/>
</testsuite> <!-- TestScript.LoginTest -->
