<?xml version="1.0" encoding="UTF-8"?>
<!-- Generated by org.testng.reporters.JUnitReportReporter -->
<testsuite hostname="DESKTOP-H8BHTI6" failures="0" tests="1" name="TestScript.LoginTest" time="5.098" errors="0" timestamp="2025-08-27T14:20:44 IST" skipped="0">
  <testcase classname="TestScript.LoginTest" name="verifyInvalidUsernameAndValidPassword" time="5.098"/>
</testsuite> <!-- TestScript.LoginTest -->
