<?xml version="1.0" encoding="UTF-8"?>
<!-- Generated by org.testng.reporters.JUnitReportReporter -->
<testsuite hostname="DESKTOP-H8BHTI6" failures="0" tests="1" name="TestScript.HomeLogoutPageTest" time="13.136" errors="0" timestamp="2025-09-01T14:21:45 IST" skipped="0">
  <testcase classname="TestScript.HomeLogoutPageTest" name="verifyUserLogoutSuccessfully" time="13.136"/>
</testsuite> <!-- TestScript.HomeLogoutPageTest -->
