<?xml version="1.0" encoding="UTF-8"?>
<!-- Generated by org.testng.reporters.JUnitReportReporter -->
<testsuite hostname="DESKTOP-H8BHTI6" failures="0" tests="1" name="TestScript.ManageNewsTest" time="12.312" errors="0" timestamp="2025-09-08T13:53:28 IST" skipped="0">
  <testcase classname="TestScript.ManageNewsTest" name="verifyUserIsAbleToAddNewNewsContent" time="12.312"/>
</testsuite> <!-- TestScript.ManageNewsTest -->
