<?xml version="1.0" encoding="UTF-8"?>
<!-- Generated by org.testng.reporters.JUnitReportReporter -->
<testsuite hostname="DESKTOP-H8BHTI6" failures="0" tests="1" name="TestScript.CreateNewAdminUserPageTest" time="15.351" errors="0" timestamp="2025-09-02T12:58:51 IST" skipped="0">
  <testcase classname="TestScript.CreateNewAdminUserPageTest" name="verifySearchAdminUsers" time="15.351"/>
</testsuite> <!-- TestScript.CreateNewAdminUserPageTest -->
